<?xml version="1.0" encoding="UTF-8"?>
<!-- Generated by org.testng.reporters.JUnitReportReporter -->
<testsuite hostname="DESKTOP-B1G6RI0" name="group.artifact.TestNGClass" tests="4" failures="0" timestamp="27 Jun 2018 20:48:06 GMT" time="0.016" errors="0">
  <testcase name="d" time="0.000" classname="group.artifact.TestNGClass"/>
  <testcase name="b" time="0.000" classname="group.artifact.TestNGClass"/>
  <testcase name="c" time="0.001" classname="group.artifact.TestNGClass"/>
  <testcase name="a" time="0.015" classname="group.artifact.TestNGClass"/>
</testsuite> <!-- group.artifact.TestNGClass -->
